2021-05-07  :  14:20:45  :  Jai Arora (jai.arora@accolitedigital.com) has successfully Signed In.
2021-05-07  :  14:20:45  :  User has been authenticated successfully.
2021-05-07  :  14:20:45  :  Retrieving List of all the candidates.
2021-05-07  :  14:20:53  :  User has been authenticated successfully.
2021-05-07  :  14:20:53  :  Retrieving List of all the candidates.
2021-05-07  :  14:20:56  :  User has been authenticated successfully.
2021-05-07  :  14:20:56  :  Retrieving List of all the candidates.
2021-05-07  :  14:20:56  :  User has been authenticated successfully.
2021-05-07  :  14:20:56  :  Retrieving List of all the candidates.
2021-05-07  :  14:23:36  :  User has been authenticated successfully.
2021-05-07  :  14:23:36  :  Registering Candidate by name : Jigar Avalani.
2021-05-07  :  14:23:49  :  User has been authenticated successfully.
2021-05-07  :  14:23:49  :  Retrieving List of all the candidates.
2021-05-07  :  14:25:12  :  User has been authenticated successfully.
2021-05-07  :  14:25:12  :  Registering Candidate by name : Aaina Goyal.
2021-05-07  :  14:27:09  :  User has been authenticated successfully.
2021-05-07  :  14:27:09  :  Registering Candidate by name : Harish Chandra.
2021-05-07  :  14:28:13  :  User has been authenticated successfully.
2021-05-07  :  14:28:13  :  Registering Candidate by name : Shivam Garg.
2021-05-07  :  14:29:17  :  User has been authenticated successfully.
2021-05-07  :  14:29:17  :  Retrieving List of all the candidates.
2021-05-07  :  14:29:20  :  User has been authenticated successfully.
2021-05-07  :  14:29:22  :  User has been authenticated successfully.
2021-05-07  :  14:29:25  :  User has been authenticated successfully.
2021-05-07  :  14:29:27  :  User has been authenticated successfully.
2021-05-07  :  14:29:29  :  User has been authenticated successfully.
2021-05-07  :  14:29:41  :  User has been authenticated successfully.
2021-05-07  :  14:29:41  :  Retrieving List of all the candidates.
2021-05-07  :  14:31:25  :  User has been authenticated successfully.
2021-05-07  :  14:31:25  :  Registering Candidate by name : Sanjay Kumar.
2021-05-07  :  14:32:45  :  User has been authenticated successfully.
2021-05-07  :  14:32:45  :  Registering Candidate by name : Ila Arora.
2021-05-07  :  14:34:12  :  User has been authenticated successfully.
2021-05-07  :  14:34:12  :  Registering Candidate by name : Tanvi Sharma.
2021-05-07  :  14:35:27  :  User has been authenticated successfully.
2021-05-07  :  14:35:27  :  Registering Candidate by name : Arjun Singh Yadav.
2021-05-07  :  14:37:09  :  User has been authenticated successfully.
2021-05-07  :  14:37:09  :  Registering Candidate by name : Manas Gupta.
2021-05-07  :  14:37:13  :  User has been authenticated successfully.
2021-05-07  :  14:37:13  :  Retrieving List of all the candidates.
2021-05-07  :  14:37:27  :  User has been authenticated successfully.
2021-05-07  :  14:37:27  :  Retrieving List of all the candidates.
2021-05-07  :  14:37:33  :  User has been authenticated successfully.
2021-05-07  :  14:37:43  :  User has been authenticated successfully.
2021-05-07  :  14:37:45  :  User has been authenticated successfully.
2021-05-07  :  14:37:48  :  User has been authenticated successfully.
2021-05-07  :  14:37:50  :  User has been authenticated successfully.
2021-05-07  :  14:39:11  :  User has been authenticated successfully.
2021-05-07  :  14:39:11  :  Registering Candidate by name : Aaraiv Sharma.
2021-05-07  :  14:40:35  :  User has been authenticated successfully.
2021-05-07  :  14:40:35  :  Retrieving List of all the candidates.
2021-05-07  :  14:42:17  :  User has been authenticated successfully.
2021-05-07  :  14:42:17  :  Registering Candidate by name : Pragya Varshney.
2021-05-07  :  14:42:31  :  User has been authenticated successfully.
2021-05-07  :  14:42:31  :  Retrieving List of all the candidates.
2021-05-07  :  14:44:12  :  User has been authenticated successfully.
2021-05-07  :  14:44:12  :  Retrieving List of all the candidates.
2021-05-07  :  14:45:52  :  User has been authenticated successfully.
2021-05-07  :  14:45:52  :  Registering Candidate by name : Pankaj Tripathi.
2021-05-07  :  14:46:18  :  User has been authenticated successfully.
2021-05-07  :  14:46:18  :  Retrieving List of all the candidates.
2021-05-07  :  14:46:21  :  User has been authenticated successfully.
2021-05-07  :  14:46:21  :  Retrieving List of all the candidates.
2021-05-07  :  14:46:26  :  User has been authenticated successfully.
2021-05-07  :  14:46:29  :  User has been authenticated successfully.
2021-05-07  :  14:46:31  :  User has been authenticated successfully.
2021-05-07  :  14:46:34  :  User has been authenticated successfully.
2021-05-07  :  14:46:41  :  User has been authenticated successfully.
2021-05-07  :  14:46:44  :  User has been authenticated successfully.
2021-05-07  :  14:46:48  :  User has been authenticated successfully.
2021-05-07  :  14:46:54  :  User has been authenticated successfully.
2021-05-07  :  14:46:54  :  Logs are being accessed.
2021-05-07  :  14:47:22  :  User has been authenticated successfully.
2021-05-07  :  14:47:23  :  User logged Out Successfully.
2021-05-07  :  14:49:12  :  Starting LoginControllerTest using Java 15.0.2 on Jai-System with PID 1256 (started by Jai in C:\Users\Jai\Documents\workspace-spring-tool-suite-4-4.10.0.RELEASE\ManagementPortal)
2021-05-07  :  14:49:12  :  No active profile set, falling back to default profiles: default
2021-05-07  :  14:49:13  :  Initializing ExecutorService 'applicationTaskExecutor'
2021-05-07  :  14:49:13  :  Initializing Spring TestDispatcherServlet ''
2021-05-07  :  14:49:13  :  Initializing Servlet ''
2021-05-07  :  14:49:13  :  Completed initialization in 1 ms
2021-05-07  :  14:49:13  :  Started LoginControllerTest in 2.275 seconds (JVM running for 5.352)
2021-05-07  :  14:49:13  :  Unknown Request, can't logout without authentication.
2021-05-07  :  14:49:14  :  Test (Rick.morty@example.com) has successfully Signed In.
2021-05-07  :  14:49:14  :  User logged Out Successfully.
2021-05-07  :  14:49:14  :  Neither @ContextConfiguration nor @ContextHierarchy found for test class [com.gradmanagement.project.controller.RESTControllerTest], using SpringBootContextLoader
2021-05-07  :  14:49:14  :  Could not detect default resource locations for test class [com.gradmanagement.project.controller.RESTControllerTest]: no resource found for suffixes {-context.xml, Context.groovy}.
2021-05-07  :  14:49:14  :  Could not detect default configuration classes for test class [com.gradmanagement.project.controller.RESTControllerTest]: RESTControllerTest does not declare any static, non-private, non-final, nested classes annotated with @Configuration.
2021-05-07  :  14:49:14  :  Found @SpringBootConfiguration com.gradmanagement.project.ManagementPortalApplication for test class com.gradmanagement.project.controller.RESTControllerTest
2021-05-07  :  14:49:14  :  Loaded default TestExecutionListener class names from location [META-INF/spring.factories]: [org.springframework.security.test.context.support.WithSecurityContextTestExecutionListener, org.springframework.security.test.context.support.ReactorContextTestExecutionListener, org.springframework.test.context.web.ServletTestExecutionListener, org.springframework.test.context.support.DirtiesContextBeforeModesTestExecutionListener, org.springframework.test.context.event.ApplicationEventsTestExecutionListener, org.springframework.test.context.support.DependencyInjectionTestExecutionListener, org.springframework.test.context.support.DirtiesContextTestExecutionListener, org.springframework.test.context.transaction.TransactionalTestExecutionListener, org.springframework.test.context.jdbc.SqlScriptsTestExecutionListener, org.springframework.test.context.event.EventPublishingTestExecutionListener, org.springframework.boot.test.mock.mockito.MockitoTestExecutionListener, org.springframework.boot.test.mock.mockito.ResetMocksTestExecutionListener, org.springframework.boot.test.autoconfigure.restdocs.RestDocsTestExecutionListener, org.springframework.boot.test.autoconfigure.web.client.MockRestServiceServerResetTestExecutionListener, org.springframework.boot.test.autoconfigure.web.servlet.MockMvcPrintOnlyOnFailureTestExecutionListener, org.springframework.boot.test.autoconfigure.web.servlet.WebDriverTestExecutionListener, org.springframework.boot.test.autoconfigure.webservices.client.MockWebServiceServerTestExecutionListener]
2021-05-07  :  14:49:14  :  Using TestExecutionListeners: [org.springframework.test.context.web.ServletTestExecutionListener@3652ce04, org.springframework.test.context.support.DirtiesContextBeforeModesTestExecutionListener@40d1e561, org.springframework.test.context.event.ApplicationEventsTestExecutionListener@7afffc81, org.springframework.boot.test.mock.mockito.MockitoTestExecutionListener@730c9287, org.springframework.boot.test.autoconfigure.SpringBootDependencyInjectionTestExecutionListener@530e500c, org.springframework.test.context.support.DirtiesContextTestExecutionListener@1c3b4de1, org.springframework.test.context.transaction.TransactionalTestExecutionListener@1925b113, org.springframework.test.context.jdbc.SqlScriptsTestExecutionListener@eaa901a, org.springframework.security.test.context.support.WithSecurityContextTestExecutionListener@2f053ff3, org.springframework.test.context.event.EventPublishingTestExecutionListener@69173bb7, org.springframework.security.test.context.support.ReactorContextTestExecutionListener@5d0ea2af, org.springframework.boot.test.mock.mockito.ResetMocksTestExecutionListener@7fec354, org.springframework.boot.test.autoconfigure.restdocs.RestDocsTestExecutionListener@1828eff, org.springframework.boot.test.autoconfigure.web.client.MockRestServiceServerResetTestExecutionListener@5118c7fb, org.springframework.boot.test.autoconfigure.web.servlet.MockMvcPrintOnlyOnFailureTestExecutionListener@792b0cad, org.springframework.boot.test.autoconfigure.web.servlet.WebDriverTestExecutionListener@8be84bf, org.springframework.boot.test.autoconfigure.webservices.client.MockWebServiceServerTestExecutionListener@1d5e0621]
2021-05-07  :  14:49:14  :  Starting RESTControllerTest using Java 15.0.2 on Jai-System with PID 1256 (started by Jai in C:\Users\Jai\Documents\workspace-spring-tool-suite-4-4.10.0.RELEASE\ManagementPortal)
2021-05-07  :  14:49:14  :  No active profile set, falling back to default profiles: default
2021-05-07  :  14:49:14  :  Initializing ExecutorService 'applicationTaskExecutor'
2021-05-07  :  14:49:14  :  Initializing Spring TestDispatcherServlet ''
2021-05-07  :  14:49:14  :  Initializing Servlet ''
2021-05-07  :  14:49:14  :  Completed initialization in 0 ms
2021-05-07  :  14:49:14  :  Started RESTControllerTest in 0.543 seconds (JVM running for 6.274)
2021-05-07  :  14:49:14  :  Editing candidate by id : 0 and name : Will Smith.
2021-05-07  :  14:49:14  :  Access denied to delete.
2021-05-07  :  14:49:14  :  Editing candidate by id : 0 and name : Will Smith.
2021-05-07  :  14:49:14  :  Access denied to viewing logs.
2021-05-07  :  14:49:14  :  Retrieving List of all the candidates.
2021-05-07  :  14:49:14  :  Access denied to view all.
2021-05-07  :  14:49:14  :  Registering Candidate by name : Will Smith.
2021-05-07  :  14:49:14  :  Access denied to searching
2021-05-07  :  14:49:14  :  Access denied to registering
2021-05-07  :  14:49:14  :  Deleting Candidate of ID : 2000.
2021-05-07  :  14:49:14  :  Logs are being accessed.
2021-05-07  :  14:49:14  :  Retrieving all possible matches for : 'Will'.
2021-05-07  :  14:49:15  :  User has been authenticated successfully.
2021-05-07  :  14:49:18  :  Editing of user details : Contact from 9999667788 to 9999911111 : Address from street5 to street10 : Role from Manager to Good : Skillset from JAVA to CPP :Location from Mumbai to Chennai :  in process.
2021-05-07  :  14:49:18  :  Edited above details of candidate by id : 999 and by name Rick Morty successfully
2021-05-07  :  14:49:20  :  Candidate with id : 999 has been deleted successfully.
2021-05-07  :  14:49:22  :  Editing of user details : Contact from 9999668888 to 9999667788 : Address from street10 to street5 : Role from SDE to Manager : Feedback from worse to good : Skillset from JAVA, SQL to JAVA :Location from Chennai to Mumbai :  in process.
2021-05-07  :  14:49:23  :  Candidate with id : 1000 has been deleted successfully.
2021-05-07  :  14:49:27  :  Shutting down ExecutorService 'applicationTaskExecutor'
2021-05-07  :  14:49:27  :  Shutting down ExecutorService 'applicationTaskExecutor'
2021-05-07  :  14:54:20  :  Jai Arora (jai.arora@accolitedigital.com) has successfully Signed In.
2021-05-07  :  14:54:20  :  User has been authenticated successfully.
2021-05-07  :  14:54:20  :  Retrieving List of all the candidates.
2021-05-07  :  14:55:05  :  User has been authenticated successfully.
2021-05-07  :  14:55:05  :  Retrieving all possible matches for : 'Female'.
2021-05-07  :  14:55:37  :  User has been authenticated successfully.
2021-05-07  :  14:55:37  :  Retrieving all possible matches for : 'Mumbai'.
2021-05-07  :  14:55:39  :  User has been authenticated successfully.
2021-05-07  :  14:55:39  :  Retrieving all possible matches for : 'Mumbai'.
2021-05-07  :  14:55:40  :  User has been authenticated successfully.
2021-05-07  :  14:55:40  :  Retrieving all possible matches for : 'Mumbai'.
2021-05-07  :  14:55:40  :  User has been authenticated successfully.
2021-05-07  :  14:55:40  :  Retrieving all possible matches for : 'Mumbai'.
2021-05-07  :  14:56:12  :  User has been authenticated successfully.
2021-05-07  :  14:56:12  :  Retrieving all possible matches for : 'Manager'.
2021-05-07  :  14:56:36  :  User has been authenticated successfully.
2021-05-07  :  14:56:36  :  Retrieving List of all the candidates.
2021-05-07  :  14:57:32  :  User has been authenticated successfully.
2021-05-07  :  14:58:00  :  User has been authenticated successfully.
2021-05-07  :  14:58:26  :  User has been authenticated successfully.
2021-05-07  :  14:58:27  :  User has been authenticated successfully.
2021-05-07  :  14:58:28  :  User has been authenticated successfully.
2021-05-07  :  14:58:29  :  User has been authenticated successfully.
2021-05-07  :  14:58:30  :  User has been authenticated successfully.
2021-05-07  :  14:59:10  :  User has been authenticated successfully.
2021-05-07  :  14:59:10  :  User has been authenticated successfully.
2021-05-07  :  14:59:10  :  Retrieving List of all the candidates.
2021-05-07  :  14:59:14  :  User has been authenticated successfully.
2021-05-07  :  14:59:15  :  User has been authenticated successfully.
2021-05-07  :  15:00:30  :  Starting LoginControllerTest using Java 15.0.2 on Jai-System with PID 3596 (started by Jai in C:\Users\Jai\Documents\workspace-spring-tool-suite-4-4.10.0.RELEASE\ManagementPortal)
2021-05-07  :  15:00:30  :  No active profile set, falling back to default profiles: default
2021-05-07  :  15:00:31  :  Initializing ExecutorService 'applicationTaskExecutor'
2021-05-07  :  15:00:32  :  Initializing Spring TestDispatcherServlet ''
2021-05-07  :  15:00:32  :  Initializing Servlet ''
2021-05-07  :  15:00:32  :  Completed initialization in 2 ms
2021-05-07  :  15:00:32  :  Started LoginControllerTest in 2.37 seconds (JVM running for 4.674)
2021-05-07  :  15:00:32  :  Unknown Request, can't logout without authentication.
2021-05-07  :  15:00:32  :  Test (Rick.morty@example.com) has successfully Signed In.
2021-05-07  :  15:00:32  :  User logged Out Successfully.
2021-05-07  :  15:00:32  :  Neither @ContextConfiguration nor @ContextHierarchy found for test class [com.gradmanagement.project.controller.RESTControllerTest], using SpringBootContextLoader
2021-05-07  :  15:00:32  :  Could not detect default resource locations for test class [com.gradmanagement.project.controller.RESTControllerTest]: no resource found for suffixes {-context.xml, Context.groovy}.
2021-05-07  :  15:00:32  :  Could not detect default configuration classes for test class [com.gradmanagement.project.controller.RESTControllerTest]: RESTControllerTest does not declare any static, non-private, non-final, nested classes annotated with @Configuration.
2021-05-07  :  15:00:32  :  Found @SpringBootConfiguration com.gradmanagement.project.ManagementPortalApplication for test class com.gradmanagement.project.controller.RESTControllerTest
2021-05-07  :  15:00:32  :  Loaded default TestExecutionListener class names from location [META-INF/spring.factories]: [org.springframework.security.test.context.support.WithSecurityContextTestExecutionListener, org.springframework.security.test.context.support.ReactorContextTestExecutionListener, org.springframework.test.context.web.ServletTestExecutionListener, org.springframework.test.context.support.DirtiesContextBeforeModesTestExecutionListener, org.springframework.test.context.event.ApplicationEventsTestExecutionListener, org.springframework.test.context.support.DependencyInjectionTestExecutionListener, org.springframework.test.context.support.DirtiesContextTestExecutionListener, org.springframework.test.context.transaction.TransactionalTestExecutionListener, org.springframework.test.context.jdbc.SqlScriptsTestExecutionListener, org.springframework.test.context.event.EventPublishingTestExecutionListener, org.springframework.boot.test.mock.mockito.MockitoTestExecutionListener, org.springframework.boot.test.mock.mockito.ResetMocksTestExecutionListener, org.springframework.boot.test.autoconfigure.restdocs.RestDocsTestExecutionListener, org.springframework.boot.test.autoconfigure.web.client.MockRestServiceServerResetTestExecutionListener, org.springframework.boot.test.autoconfigure.web.servlet.MockMvcPrintOnlyOnFailureTestExecutionListener, org.springframework.boot.test.autoconfigure.web.servlet.WebDriverTestExecutionListener, org.springframework.boot.test.autoconfigure.webservices.client.MockWebServiceServerTestExecutionListener]
2021-05-07  :  15:00:32  :  Using TestExecutionListeners: [org.springframework.test.context.web.ServletTestExecutionListener@3652ce04, org.springframework.test.context.support.DirtiesContextBeforeModesTestExecutionListener@40d1e561, org.springframework.test.context.event.ApplicationEventsTestExecutionListener@7afffc81, org.springframework.boot.test.mock.mockito.MockitoTestExecutionListener@730c9287, org.springframework.boot.test.autoconfigure.SpringBootDependencyInjectionTestExecutionListener@530e500c, org.springframework.test.context.support.DirtiesContextTestExecutionListener@1c3b4de1, org.springframework.test.context.transaction.TransactionalTestExecutionListener@1925b113, org.springframework.test.context.jdbc.SqlScriptsTestExecutionListener@eaa901a, org.springframework.security.test.context.support.WithSecurityContextTestExecutionListener@2f053ff3, org.springframework.test.context.event.EventPublishingTestExecutionListener@69173bb7, org.springframework.security.test.context.support.ReactorContextTestExecutionListener@5d0ea2af, org.springframework.boot.test.mock.mockito.ResetMocksTestExecutionListener@7fec354, org.springframework.boot.test.autoconfigure.restdocs.RestDocsTestExecutionListener@1828eff, org.springframework.boot.test.autoconfigure.web.client.MockRestServiceServerResetTestExecutionListener@5118c7fb, org.springframework.boot.test.autoconfigure.web.servlet.MockMvcPrintOnlyOnFailureTestExecutionListener@792b0cad, org.springframework.boot.test.autoconfigure.web.servlet.WebDriverTestExecutionListener@8be84bf, org.springframework.boot.test.autoconfigure.webservices.client.MockWebServiceServerTestExecutionListener@1d5e0621]
2021-05-07  :  15:00:32  :  Starting RESTControllerTest using Java 15.0.2 on Jai-System with PID 3596 (started by Jai in C:\Users\Jai\Documents\workspace-spring-tool-suite-4-4.10.0.RELEASE\ManagementPortal)
2021-05-07  :  15:00:32  :  No active profile set, falling back to default profiles: default
2021-05-07  :  15:00:32  :  Initializing ExecutorService 'applicationTaskExecutor'
2021-05-07  :  15:00:33  :  Initializing Spring TestDispatcherServlet ''
2021-05-07  :  15:00:33  :  Initializing Servlet ''
2021-05-07  :  15:00:33  :  Completed initialization in 0 ms
2021-05-07  :  15:00:33  :  Started RESTControllerTest in 0.511 seconds (JVM running for 5.499)
2021-05-07  :  15:00:33  :  Editing candidate by id : 0 and name : Will Smith.
2021-05-07  :  15:00:33  :  Access denied to delete.
2021-05-07  :  15:00:33  :  Editing candidate by id : 0 and name : Will Smith.
2021-05-07  :  15:00:33  :  Access denied to viewing logs.
2021-05-07  :  15:00:33  :  Retrieving List of all the candidates.
2021-05-07  :  15:00:33  :  Access denied to view all.
2021-05-07  :  15:00:33  :  Registering Candidate by name : Will Smith.
2021-05-07  :  15:00:33  :  Access denied to searching
2021-05-07  :  15:00:33  :  Access denied to registering
2021-05-07  :  15:00:33  :  Deleting Candidate of ID : 2000.
2021-05-07  :  15:00:33  :  Logs are being accessed.
2021-05-07  :  15:00:33  :  Retrieving all possible matches for : 'Will'.
2021-05-07  :  15:00:33  :  User has been authenticated successfully.
2021-05-07  :  15:00:39  :  Editing of user details : Contact from 9999667788 to 9999911111 : Address from street5 to street10 : Role from Manager to Good : Skillset from JAVA to CPP :Location from Mumbai to Chennai :  in process.
2021-05-07  :  15:00:39  :  Edited above details of candidate by id : 999 and by name Rick Morty successfully
2021-05-07  :  15:00:40  :  Candidate with id : 999 has been deleted successfully.
2021-05-07  :  15:00:42  :  Editing of user details : Contact from 9999668888 to 9999667788 : Address from street10 to street5 : Role from SDE to Manager : Feedback from worse to good : Skillset from JAVA, SQL to JAVA :Location from Chennai to Mumbai :  in process.
2021-05-07  :  15:00:44  :  Candidate with id : 1000 has been deleted successfully.
2021-05-07  :  15:00:48  :  Shutting down ExecutorService 'applicationTaskExecutor'
2021-05-07  :  15:00:48  :  Shutting down ExecutorService 'applicationTaskExecutor'
2021-05-07  :  15:02:10  :  User has been authenticated successfully.
2021-05-07  :  15:02:37  :  User has been authenticated successfully.
2021-05-07  :  15:03:02  :  User has been authenticated successfully.
2021-05-07  :  15:03:26  :  User has been authenticated successfully.
2021-05-07  :  15:03:26  :  Logs are being accessed.
2021-05-07  :  15:03:38  :  User has been authenticated successfully.
2021-05-07  :  15:03:38  :  Logs are being accessed.
2021-05-07  :  15:03:38  :  User has been authenticated successfully.
2021-05-07  :  15:03:38  :  Retrieving List of all the candidates.
2021-05-07  :  15:03:40  :  User has been authenticated successfully.
2021-05-07  :  15:03:40  :  Logs are being accessed.
2021-05-07  :  15:05:07  :  User has been authenticated successfully.
2021-05-07  :  15:05:07  :  Retrieving List of all the candidates.
2021-05-07  :  15:05:41  :  User has been authenticated successfully.
2021-05-07  :  15:15:42  :  User has been authenticated successfully.
2021-05-07  :  15:15:42  :  Retrieving List of all the candidates.
2021-05-07  :  15:17:49  :  User has been authenticated successfully.
2021-05-07  :  15:17:49  :  Retrieving List of all the candidates.
2021-05-07  :  15:18:00  :  User has been authenticated successfully.
2021-05-07  :  15:18:00  :  Retrieving List of all the candidates.
2021-05-07  :  15:20:06  :  User has been authenticated successfully.
2021-05-07  :  15:20:06  :  Logs are being accessed.
2021-05-07  :  15:20:44  :  User has been authenticated successfully.
2021-05-07  :  15:20:44  :  User logged Out Successfully.
2021-05-07  :  15:27:08  :  Jai Arora (jai.arora@accolitedigital.com) has successfully Signed In.
2021-05-07  :  15:27:08  :  User has been authenticated successfully.
2021-05-07  :  15:27:08  :  Retrieving List of all the candidates.
2021-05-07  :  15:27:10  :  User has been authenticated successfully.
2021-05-07  :  15:27:13  :  User has been authenticated successfully.
2021-05-07  :  15:27:14  :  User has been authenticated successfully.
2021-05-07  :  15:27:15  :  User has been authenticated successfully.
2021-05-07  :  15:27:17  :  User has been authenticated successfully.
2021-05-07  :  15:27:18  :  User has been authenticated successfully.
2021-05-07  :  15:27:22  :  User has been authenticated successfully.
2021-05-07  :  15:27:23  :  User logged Out Successfully.
2021-05-07  :  15:33:37  :  Jai Arora (jai.arora@accolitedigital.com) has successfully Signed In.
2021-05-07  :  15:33:37  :  User has been authenticated successfully.
2021-05-07  :  15:33:37  :  Retrieving List of all the candidates.
2021-05-07  :  15:34:03  :  User has been authenticated successfully.
2021-05-07  :  15:34:03  :  Retrieving all possible matches for : 'Manager'.
2021-05-07  :  15:34:10  :  User has been authenticated successfully.
2021-05-07  :  15:34:10  :  Retrieving all possible matches for : 'Mumbai'.
2021-05-07  :  15:34:23  :  User has been authenticated successfully.
2021-05-07  :  15:35:07  :  User has been authenticated successfully.
2021-05-07  :  15:35:07  :  Deleting Candidate of ID : 1.
2021-05-07  :  15:35:09  :  Candidate with id : 1 has been deleted successfully.
2021-05-07  :  15:35:09  :  User has been authenticated successfully.
2021-05-07  :  15:35:09  :  Retrieving List of all the candidates.
2021-05-07  :  15:35:20  :  User has been authenticated successfully.
2021-05-07  :  15:35:20  :  Retrieving List of all the candidates.
2021-05-07  :  15:36:36  :  User has been authenticated successfully.
2021-05-07  :  15:36:36  :  Registering Candidate by name : Jai Arora.
2021-05-07  :  15:36:41  :  User has been authenticated successfully.
2021-05-07  :  15:36:41  :  Retrieving List of all the candidates.
2021-05-07  :  15:36:48  :  User has been authenticated successfully.
2021-05-07  :  15:36:54  :  User has been authenticated successfully.
2021-05-07  :  15:36:57  :  User has been authenticated successfully.
2021-05-07  :  15:37:00  :  User has been authenticated successfully.
2021-05-07  :  15:37:05  :  User has been authenticated successfully.
2021-05-07  :  15:37:09  :  User has been authenticated successfully.
2021-05-07  :  15:37:09  :  Logs are being accessed.
2021-05-07  :  15:37:49  :  User has been authenticated successfully.
2021-05-07  :  15:37:50  :  User logged Out Successfully.
2021-05-07  :  15:37:59  :  Jai Arora (jai.arora@accolitedigital.com) has successfully Signed In.
2021-05-07  :  15:37:59  :  User has been authenticated successfully.
2021-05-07  :  15:37:59  :  Retrieving List of all the candidates.
2021-05-07  :  15:51:05  :  User has been authenticated successfully.
2021-05-07  :  15:53:54  :  Application shutdown requested.
2021-05-07  :  15:53:54  :  Shutting down ExecutorService 'applicationTaskExecutor'
2021-05-07  :  15:53:54  :  HikariPool-1 - Shutdown initiated...
2021-05-07  :  15:53:54  :  HikariPool-1 - Shutdown completed.
